[13632] [ERR] [bnl] [External(0)] [External()] [2022-10-21T14:10:35.774Z]: PathOps: [20221021T11:10:35] {2a3c} ERR: .. is the leading path component: /../.build.info
[13632] [ERR] [bnl] [External(0)] [External()] [2022-10-21T14:10:35.774Z]: PathOps: [20221021T11:10:35] {2a3c} ERR: path normalization failed: /../.build.info
[13632] [NRM] [VoiceChat] [External(0)] [External()] [2022-10-21T14:10:38.058Z]: ==[VC] Client initialized
[13632] [NRM] [VoiceChat] [External(0)] [External()] [2022-10-21T14:10:41.231Z]: ==[VC] Devices started
[13632] [NRM] [VoiceChat] [External(0)] [External()] [2022-10-21T14:10:41.232Z]: ==[VC] SetTargetOutputDevice Realtek HD Audio 2nd output (Realtek(R) Audio)
[13632] [NRM] [VoiceChat] [External(0)] [External()] [2022-10-21T14:10:41.233Z]: ==[VC] SetTargetInputDevice Microfone (Realtek(R) Audio)
[13632] [NRM] [VoiceChat] [External(0)] [External()] [2022-10-21T14:10:41.233Z]: ==[VC] Client started
[13632] [NRM] [VoiceChat] [External(0)] [External()] [2022-10-21T14:10:41.333Z]: #=[VC] ResponseGetOutputDevices 01 0(0:811c9dc5) (Default System Device|Default System Device) ({0.0.0.00000000}.{938ae061-6260-492f-af28-705f8122422a}|Realtek HD Audio 2nd output (Realtek(R) Audio)) ({0.0.0.00000000}.{938ae061-6260-492f-af28-705f8122422a}|Realtek HD Audio 2nd output (Realtek(R) Audio)) ({0.0.0.00000000}.{938ae061-6260-492f-af28-705f8122422a}|Realtek HD Audio 2nd output (Realtek(R) Audio))
[13632] [NRM] [VoiceChat] [External(0)] [External()] [2022-10-21T14:10:41.333Z]: ==[VC] Output devices added [(Default Communication Device|Default Communication Device),(Default System Device|Default System Device),(No Device|No Device),({0.0.0.00000000}.{3f3dfc85-a4ff-437c-b14f-d63de1d45680}|Alto-falantes (Realtek(R) Audio)),({0.0.0.00000000}.{938ae061-6260-492f-af28-705f8122422a}|Realtek HD Audio 2nd output (Realtek(R) Audio))]
[13632] [NRM] [VoiceChat] [External(0)] [External()] [2022-10-21T14:10:41.335Z]: ==[VC] SetTargetOutputDevice Realtek HD Audio 2nd output (Realtek(R) Audio)
[13632] [NRM] [VoiceChat] [External(0)] [External()] [2022-10-21T14:10:41.339Z]: ==[VC] SetTargetInputDevice Microfone (Realtek(R) Audio)
[13632] [NRM] [VoiceChat] [External(0)] [External()] [2022-10-21T14:10:41.339Z]: ==[VC] New active output device (Default System Device|Default System Device)
[13632] [NRM] [VoiceChat] [External(0)] [External()] [2022-10-21T14:10:41.387Z]: #=[VC] ResponseGetInputDevices 01 0(0:811c9dc5) (Default System Device|Default System Device) ({0.0.1.00000000}.{772d7f19-fe63-4c9f-926c-be30d1da68a2}|Microfone (Realtek(R) Audio)) ({0.0.1.00000000}.{772d7f19-fe63-4c9f-926c-be30d1da68a2}|Microfone (Realtek(R) Audio)) ({0.0.1.00000000}.{772d7f19-fe63-4c9f-926c-be30d1da68a2}|Microfone (Realtek(R) Audio))
[13632] [NRM] [VoiceChat] [External(0)] [External()] [2022-10-21T14:10:41.387Z]: ==[VC] Input devices added [(Default Communication Device|Default Communication Device),(Default System Device|Default System Device),(No Device|No Device),({0.0.1.00000000}.{772d7f19-fe63-4c9f-926c-be30d1da68a2}|Microfone (Realtek(R) Audio))]
[13632] [NRM] [VoiceChat] [External(0)] [External()] [2022-10-21T14:10:41.388Z]: ==[VC] SetTargetOutputDevice Realtek HD Audio 2nd output (Realtek(R) Audio)
[13632] [NRM] [VoiceChat] [External(0)] [External()] [2022-10-21T14:10:41.390Z]: ==[VC] SetTargetInputDevice Microfone (Realtek(R) Audio)
[13632] [NRM] [VoiceChat] [External(0)] [External()] [2022-10-21T14:10:41.390Z]: ==[VC] New active input device (Default System Device|Default System Device)
[13632] [NRM] [VoiceChat] [External(0)] [External()] [2022-10-21T14:10:41.482Z]: #=[VC] ResponseGetOutputDevices 01 0(0:811c9dc5) (Default System Device|Default System Device) ({0.0.0.00000000}.{938ae061-6260-492f-af28-705f8122422a}|Realtek HD Audio 2nd output (Realtek(R) Audio)) ({0.0.0.00000000}.{938ae061-6260-492f-af28-705f8122422a}|Realtek HD Audio 2nd output (Realtek(R) Audio)) ({0.0.0.00000000}.{938ae061-6260-492f-af28-705f8122422a}|Realtek HD Audio 2nd output (Realtek(R) Audio))
[13632] [NRM] [VoiceChat] [External(0)] [External()] [2022-10-21T14:10:41.516Z]: #=[VC] ResponseGetInputDevices 01 0(0:811c9dc5) (Default System Device|Default System Device) ({0.0.1.00000000}.{772d7f19-fe63-4c9f-926c-be30d1da68a2}|Microfone (Realtek(R) Audio)) ({0.0.1.00000000}.{772d7f19-fe63-4c9f-926c-be30d1da68a2}|Microfone (Realtek(R) Audio)) ({0.0.1.00000000}.{772d7f19-fe63-4c9f-926c-be30d1da68a2}|Microfone (Realtek(R) Audio))
[13632] [NRM] [VoiceChat] [External(0)] [External()] [2022-10-21T14:10:41.568Z]: ==[VC] RequestSetActiveOutputDevice ({0.0.0.00000000}.{938ae061-6260-492f-af28-705f8122422a}|Realtek HD Audio 2nd output (Realtek(R) Audio))
[13632] [NRM] [VoiceChat] [External(0)] [External()] [2022-10-21T14:10:41.568Z]: ==[VC] RequestSetActiveInputDevice ({0.0.1.00000000}.{772d7f19-fe63-4c9f-926c-be30d1da68a2}|Microfone (Realtek(R) Audio))
[13632] [NRM] [VoiceChat] [External(0)] [External()] [2022-10-21T14:10:41.601Z]: #=[VC] ResponseSetActiveOutputDevice 02 0(0:811c9dc5) 
[13632] [NRM] [VoiceChat] [External(0)] [External()] [2022-10-21T14:10:41.601Z]: ==[VC] New active output device ({0.0.0.00000000}.{938ae061-6260-492f-af28-705f8122422a}|Realtek HD Audio 2nd output (Realtek(R) Audio))
[13632] [NRM] [VoiceChat] [External(0)] [External()] [2022-10-21T14:10:41.602Z]: #=[VC] ResponseSetActiveInputDevice 02 0(0:811c9dc5) 
[13632] [NRM] [VoiceChat] [External(0)] [External()] [2022-10-21T14:10:41.602Z]: ==[VC] New active input device ({0.0.1.00000000}.{772d7f19-fe63-4c9f-926c-be30d1da68a2}|Microfone (Realtek(R) Audio))
[13632] [NRM] [VoiceChat] [External(0)] [External()] [2022-10-21T14:10:51.160Z]: #=[VC] Auto-Join Enabled Flags 0000 -> 0005
[13632] [NRM] [VoiceChat] [External(0)] [External()] [2022-10-21T14:10:51.160Z]: #=[VC] Channel Enabled Flags 0000 -> 0005
[13632] [NRM] [VoiceChat] [External(0)] [External()] [2022-10-21T14:11:01.864Z]: #=[VC] Auto-Join Enabled Flags 0005 -> 0000
[13632] [NRM] [VoiceChat] [External(0)] [External()] [2022-10-21T14:11:01.864Z]: #=[VC] Channel Enabled Flags 0005 -> 0000
[13632] [NRM] [VoiceChat] [External(0)] [External()] [2022-10-21T14:11:04.532Z]: ==[VC] Request stop
[13632] [NRM] [VoiceChat] [External(0)] [External()] [2022-10-21T14:11:04.532Z]: ==[VC] Cancel all queued trackers 0
[13632] [NRM] [VoiceChat] [External(0)] [External()] [2022-10-21T14:11:04.537Z]: ==[VC] Stop complete
[13632] [ERR] [bnl] [External(0)] [External()] [2022-10-21T14:11:06.608Z]: Network: [20221021T11:11:06] {2720} ERR: network dispatcher: action posted after shutdown
